Determining if the pthread_create exist failed with the following output:
Change Dir: /home/buri/Bachelorarbeit/someipApp/alt/clientAkku/build/CMakeFiles/CMakeTmp

Run Build Command:"/usr/bin/make" "cmTC_17b5a/fast"
/usr/bin/make -f CMakeFiles/cmTC_17b5a.dir/build.make CMakeFiles/cmTC_17b5a.dir/build
make[1]: Verzeichnis „/home/buri/Bachelorarbeit/someipApp/alt/clientAkku/build/CMakeFiles/CMakeTmp“ wird betreten
Building C object CMakeFiles/cmTC_17b5a.dir/CheckSymbolExists.c.o
/usr/bin/cc    -o CMakeFiles/cmTC_17b5a.dir/CheckSymbolExists.c.o   -c /home/buri/Bachelorarbeit/someipApp/alt/clientAkku/build/CMakeFiles/CMakeTmp/CheckSymbolExists.c
Linking C executable cmTC_17b5a
/usr/bin/cmake -E cmake_link_script CMakeFiles/cmTC_17b5a.dir/link.txt --verbose=1
/usr/bin/cc      CMakeFiles/cmTC_17b5a.dir/CheckSymbolExists.c.o  -o cmTC_17b5a 
/usr/bin/ld: CMakeFiles/cmTC_17b5a.dir/CheckSymbolExists.c.o: in function `main':
CheckSymbolExists.c:(.text+0x1b): undefined reference to `pthread_create'
collect2: Fehler: ld gab 1 als Ende-Status zurück
make[1]: *** [CMakeFiles/cmTC_17b5a.dir/build.make:87: cmTC_17b5a] Fehler 1
make[1]: Verzeichnis „/home/buri/Bachelorarbeit/someipApp/alt/clientAkku/build/CMakeFiles/CMakeTmp“ wird verlassen
make: *** [Makefile:121: cmTC_17b5a/fast] Fehler 2

File /home/buri/Bachelorarbeit/someipApp/alt/clientAkku/build/CMakeFiles/CMakeTmp/CheckSymbolExists.c:
/* */
#include <pthread.h>

int main(int argc, char** argv)
{
  (void)argv;
#ifndef pthread_create
  return ((int*)(&pthread_create))[argc];
#else
  (void)argc;
  return 0;
#endif
}

Determining if the function pthread_create exists in the pthreads failed with the following output:
Change Dir: /home/buri/Bachelorarbeit/someipApp/alt/clientAkku/build/CMakeFiles/CMakeTmp

Run Build Command:"/usr/bin/make" "cmTC_2a61a/fast"
/usr/bin/make -f CMakeFiles/cmTC_2a61a.dir/build.make CMakeFiles/cmTC_2a61a.dir/build
make[1]: Verzeichnis „/home/buri/Bachelorarbeit/someipApp/alt/clientAkku/build/CMakeFiles/CMakeTmp“ wird betreten
Building C object CMakeFiles/cmTC_2a61a.dir/CheckFunctionExists.c.o
/usr/bin/cc   -DCHECK_FUNCTION_EXISTS=pthread_create   -o CMakeFiles/cmTC_2a61a.dir/CheckFunctionExists.c.o   -c /usr/share/cmake-3.12/Modules/CheckFunctionExists.c
Linking C executable cmTC_2a61a
/usr/bin/cmake -E cmake_link_script CMakeFiles/cmTC_2a61a.dir/link.txt --verbose=1
/usr/bin/cc  -DCHECK_FUNCTION_EXISTS=pthread_create    CMakeFiles/cmTC_2a61a.dir/CheckFunctionExists.c.o  -o cmTC_2a61a -lpthreads 
/usr/bin/ld: -lpthreads kann nicht gefunden werden
collect2: Fehler: ld gab 1 als Ende-Status zurück
make[1]: *** [CMakeFiles/cmTC_2a61a.dir/build.make:87: cmTC_2a61a] Fehler 1
make[1]: Verzeichnis „/home/buri/Bachelorarbeit/someipApp/alt/clientAkku/build/CMakeFiles/CMakeTmp“ wird verlassen
make: *** [Makefile:121: cmTC_2a61a/fast] Fehler 2


