Determining if the pthread_create exist failed with the following output:
Change Dir: /home/buri/Bachelorarbeit/someipApp/neu/serviceAkku/build/CMakeFiles/CMakeTmp

Run Build Command:"/usr/bin/make" "cmTC_7d422/fast"
/usr/bin/make -f CMakeFiles/cmTC_7d422.dir/build.make CMakeFiles/cmTC_7d422.dir/build
make[1]: Verzeichnis „/home/buri/Bachelorarbeit/someipApp/neu/serviceAkku/build/CMakeFiles/CMakeTmp“ wird betreten
Building C object CMakeFiles/cmTC_7d422.dir/CheckSymbolExists.c.o
/usr/bin/cc    -o CMakeFiles/cmTC_7d422.dir/CheckSymbolExists.c.o   -c /home/buri/Bachelorarbeit/someipApp/neu/serviceAkku/build/CMakeFiles/CMakeTmp/CheckSymbolExists.c
Linking C executable cmTC_7d422
/usr/bin/cmake -E cmake_link_script CMakeFiles/cmTC_7d422.dir/link.txt --verbose=1
/usr/bin/cc      -rdynamic CMakeFiles/cmTC_7d422.dir/CheckSymbolExists.c.o  -o cmTC_7d422 
/usr/bin/ld: CMakeFiles/cmTC_7d422.dir/CheckSymbolExists.c.o: in function `main':
CheckSymbolExists.c:(.text+0x1b): undefined reference to `pthread_create'
collect2: Fehler: ld gab 1 als Ende-Status zurück
make[1]: *** [CMakeFiles/cmTC_7d422.dir/build.make:87: cmTC_7d422] Fehler 1
make[1]: Verzeichnis „/home/buri/Bachelorarbeit/someipApp/neu/serviceAkku/build/CMakeFiles/CMakeTmp“ wird verlassen
make: *** [Makefile:121: cmTC_7d422/fast] Fehler 2

File /home/buri/Bachelorarbeit/someipApp/neu/serviceAkku/build/CMakeFiles/CMakeTmp/CheckSymbolExists.c:
/* */
#include <pthread.h>

int main(int argc, char** argv)
{
  (void)argv;
#ifndef pthread_create
  return ((int*)(&pthread_create))[argc];
#else
  (void)argc;
  return 0;
#endif
}

Determining if the function pthread_create exists in the pthreads failed with the following output:
Change Dir: /home/buri/Bachelorarbeit/someipApp/neu/serviceAkku/build/CMakeFiles/CMakeTmp

Run Build Command:"/usr/bin/make" "cmTC_2d2eb/fast"
/usr/bin/make -f CMakeFiles/cmTC_2d2eb.dir/build.make CMakeFiles/cmTC_2d2eb.dir/build
make[1]: Verzeichnis „/home/buri/Bachelorarbeit/someipApp/neu/serviceAkku/build/CMakeFiles/CMakeTmp“ wird betreten
Building C object CMakeFiles/cmTC_2d2eb.dir/CheckFunctionExists.c.o
/usr/bin/cc   -DCHECK_FUNCTION_EXISTS=pthread_create   -o CMakeFiles/cmTC_2d2eb.dir/CheckFunctionExists.c.o   -c /usr/share/cmake-3.12/Modules/CheckFunctionExists.c
Linking C executable cmTC_2d2eb
/usr/bin/cmake -E cmake_link_script CMakeFiles/cmTC_2d2eb.dir/link.txt --verbose=1
/usr/bin/cc  -DCHECK_FUNCTION_EXISTS=pthread_create    -rdynamic CMakeFiles/cmTC_2d2eb.dir/CheckFunctionExists.c.o  -o cmTC_2d2eb -lpthreads 
/usr/bin/ld: -lpthreads kann nicht gefunden werden
collect2: Fehler: ld gab 1 als Ende-Status zurück
make[1]: *** [CMakeFiles/cmTC_2d2eb.dir/build.make:87: cmTC_2d2eb] Fehler 1
make[1]: Verzeichnis „/home/buri/Bachelorarbeit/someipApp/neu/serviceAkku/build/CMakeFiles/CMakeTmp“ wird verlassen
make: *** [Makefile:121: cmTC_2d2eb/fast] Fehler 2


